17:39:23 **** Incremental Build of configuration Debug for project Mini_Project_4 ****
make all 
Building file: ../main.c
Invoking: AVR Compiler
avr-gcc -Wall -g2 -gstabs -O0 -fpack-struct -fshort-enums -ffunction-sections -fdata-sections -std=gnu99 -funsigned-char -funsigned-bitfields -mmcu=atmega32 -DF_CPU=8000000UL -MMD -MP -MF"main.d" -MT"main.o" -c -o "main.o" "../main.c"
../main.c:13: warning: return type of 'main' is not 'int'
Finished building: ../main.c
 
Building target: Mini_Project_4.elf
Invoking: AVR C Linker
avr-gcc -Wl,-Map,Mini_Project_4.map -mmcu=atmega32 -o "Mini_Project_4.elf"  ./Ultrasonic.o ./gpio.o ./icu.o ./lcd.o ./main.o   
Finished building target: Mini_Project_4.elf
 
Invoking: AVR Create Extended Listing
avr-objdump -h -S Mini_Project_4.elf  >"Mini_Project_4.lss"
Finished building: Mini_Project_4.lss
 
Create Flash image (ihex format)
avr-objcopy -R .eeprom -R .fuse -R .lock -R .signature -O ihex Mini_Project_4.elf  "Mini_Project_4.hex"
Finished building: Mini_Project_4.hex
 
Invoking: Print Size
avr-size --format=avr --mcu=atmega32 Mini_Project_4.elf
AVR Memory Usage
----------------
Device: atmega32

Program:    9706 bytes (29.6% Full)
(.text + .data + .bootloader)

Data:        311 bytes (15.2% Full)
(.data + .bss + .noinit)


Finished building: sizedummy
 

17:39:24 Build Finished. 0 errors, 1 warnings. (took 652ms)

